2025-07-26 09:09:28,599 [INFO] - Starting processing of 1 PDF(s) with 16 worker(s)...
2025-07-26 09:09:28,600 [INFO] - Output format(s): json, md
2025-07-26 09:09:28,675 [INFO] - ✅ Success: 6874faecd848a_Adobe_India_Hackathon_-_Challenge_Doc (1).pdf
2025-07-26 09:09:28,692 [INFO] - ==============================
2025-07-26 09:09:28,692 [INFO] - Processing complete.
2025-07-26 09:09:28,693 [INFO] - Successfully processed: 1
2025-07-26 09:09:28,694 [INFO] - Failed to process: 0
2025-07-26 09:09:28,695 [INFO] - Outputs saved in 'output' directory.
2025-07-26 09:09:28,696 [INFO] - Detailed logs available in 'logs/extraction.log'
2025-07-26 09:12:20,532 [INFO] - Starting processing of 1 PDF(s) with 16 worker(s)...
2025-07-26 09:12:20,533 [INFO] - Output format(s): json, md
2025-07-26 09:12:20,599 [INFO] - ✅ Success: 6874faecd848a_Adobe_India_Hackathon_-_Challenge_Doc (1).pdf
2025-07-26 09:12:20,608 [INFO] - ==============================
2025-07-26 09:12:20,608 [INFO] - Processing complete.
2025-07-26 09:12:20,609 [INFO] - Successfully processed: 1
2025-07-26 09:12:20,609 [INFO] - Failed to process: 0
2025-07-26 09:12:20,609 [INFO] - Outputs saved in 'output' directory.
2025-07-26 09:12:20,609 [INFO] - Detailed logs available in 'logs/extraction.log'
2025-07-26 09:12:22,651 [INFO] - Starting processing of 1 PDF(s) with 16 worker(s)...
2025-07-26 09:12:22,651 [INFO] - Output format(s): json, md
2025-07-26 09:12:22,733 [INFO] - ✅ Success: 6874faecd848a_Adobe_India_Hackathon_-_Challenge_Doc (1).pdf
2025-07-26 09:12:22,746 [INFO] - ==============================
2025-07-26 09:12:22,746 [INFO] - Processing complete.
2025-07-26 09:12:22,746 [INFO] - Successfully processed: 1
2025-07-26 09:12:22,747 [INFO] - Failed to process: 0
2025-07-26 09:12:22,747 [INFO] - Outputs saved in 'output' directory.
2025-07-26 09:12:22,747 [INFO] - Detailed logs available in 'logs/extraction.log'
2025-07-26 09:15:49,619 [INFO] - Starting processing of 1 PDF(s) with 16 worker(s)...
2025-07-26 09:15:49,619 [INFO] - Output format(s): json, md
2025-07-26 09:15:49,772 [INFO] - ✅ Success: RenderCV.pdf
2025-07-26 09:15:49,779 [INFO] - ==============================
2025-07-26 09:15:49,779 [INFO] - Processing complete.
2025-07-26 09:15:49,780 [INFO] - Successfully processed: 1
2025-07-26 09:15:49,781 [INFO] - Failed to process: 0
2025-07-26 09:15:49,781 [INFO] - Outputs saved in 'output' directory.
2025-07-26 09:15:49,782 [INFO] - Detailed logs available in 'logs/extraction.log'
2025-07-27 17:49:45,166 [INFO] - Starting processing of 2 PDF(s) with 16 worker(s)...
2025-07-27 17:49:45,167 [INFO] - Output format(s): json, md
2025-07-27 17:49:45,299 [INFO] - ✅ Success: 6874faecd848a_Adobe_India_Hackathon_-_Challenge_Doc (1).pdf
2025-07-27 17:49:45,383 [INFO] - ✅ Success: RenderCV.pdf
2025-07-27 17:49:45,395 [INFO] - ==============================
2025-07-27 17:49:45,396 [INFO] - Processing complete.
2025-07-27 17:49:45,397 [INFO] - Successfully processed: 2
2025-07-27 17:49:45,397 [INFO] - Failed to process: 0
2025-07-27 17:49:45,398 [INFO] - Outputs saved in 'output' directory.
2025-07-27 17:49:45,398 [INFO] - Detailed logs available in 'logs/extraction.log'
